<?xml version="1.0" encoding="UTF-8" ?>
<testsuite errors="1" failures="0" hostname="Thilaknath-PC" name="tests.suite1.SuiteRunner" skipped="0" tests="3" time="84.468" timestamp="2014-06-17T12:45:15">
  <properties>
[...]
</properties>
  <testcase classname="tests.suite1.logintest" name="logintest1[0]" time="44.037" />
  <testcase classname="tests.suite1.Regtest" name="editformtest" time="9.49" />
  <testcase classname="tests.suite1.formfilling" name="changepwd" time="30.627">
    <error type="java.lang.NullPointerException">java.lang.NullPointerException
	at tests.suite1.formfilling.changepwd(formfilling.java:21)
</error>
  </testcase>
  <system-out><![CDATA[]]></system-out>
  <system-err><![CDATA[]]></system-err>
</testsuite>
